# JRE version: OpenJDK Runtime Environment Temurin-21.0.8+9 (21.0.8+9) (build 21.0.8+9-LTS)
# Java VM: OpenJDK 64-Bit Server VM Temurin-21.0.8+9 (21.0.8+9-LTS, mixed mode, sharing, tiered, compressed oops, compressed class ptrs, parallel gc, windows-amd64)
GC Precious Log:
 CardTable entry size: 512
 CPUs: 8 total, 8 available
 Memory: 7975M
 Large Page Support: Disabled
 NUMA Support: Disabled
 Compressed Oops: Enabled (32-bit)
 Alignments: Space 512K, Generation 512K, Heap 2M
 Heap Min Capacity: 100M
 Heap Initial Capacity: 100M
 Heap Max Capacity: 2G
 Pre-touch: Disabled
 Parallel Workers: 8
Heap:
 PSYoungGen      total 15360K, used 6838K [0x00000000d5580000, 0x00000000d6e80000, 0x0000000100000000)
  eden space 12288K, 30% used [0x00000000d5580000,0x00000000d59315a0,0x00000000d6180000)
  from space 3072K, 99% used [0x00000000d6180000,0x00000000d647c4c0,0x00000000d6480000)
  to   space 6656K, 0% used [0x00000000d6800000,0x00000000d6800000,0x00000000d6e80000)
 ParOldGen       total 80896K, used 80582K [0x0000000080000000, 0x0000000084f00000, 0x00000000d5580000)
  object space 80896K, 99% used [0x0000000080000000,0x0000000084eb1a68,0x0000000084f00000)
 Metaspace       used 59816K, committed 61056K, reserved 1114112K
  class space    used 6517K, committed 7104K, reserved 1048576K
GC Heap History (20 events):
Event: 49.391 GC heap before
{Heap before GC invocations=44 (full 2):
 PSYoungGen      total 17408K, used 17373K [0x00000000d5580000, 0x00000000d6a00000, 0x0000000100000000)
  eden space 14848K, 100% used [0x00000000d5580000,0x00000000d6400000,0x00000000d6400000)
  from space 2560K, 98% used [0x00000000d6480000,0x00000000d66f74c8,0x00000000d6700000)
  to   space 3072K, 0% used [0x00000000d6700000,0x00000000d6700000,0x00000000d6a00000)
 ParOldGen       total 74240K, used 74108K [0x0000000080000000, 0x0000000084880000, 0x00000000d5580000)
  object space 74240K, 99% used [0x0000000080000000,0x000000008485f118,0x0000000084880000)
 Metaspace       used 58035K, committed 59328K, reserved 1114112K
  class space    used 6317K, committed 6912K, reserved 1048576K
}
Event: 49.394 GC heap after
{Heap after GC invocations=44 (full 2):
 PSYoungGen      total 16896K, used 2047K [0x00000000d5580000, 0x00000000d6900000, 0x0000000100000000)
  eden space 14848K, 0% used [0x00000000d5580000,0x00000000d5580000,0x00000000d6400000)
  from space 2048K, 99% used [0x00000000d6700000,0x00000000d68ffd98,0x00000000d6900000)
  to   space 2560K, 0% used [0x00000000d6400000,0x00000000d6400000,0x00000000d6680000)
 ParOldGen       total 75776K, used 75686K [0x0000000080000000, 0x0000000084a00000, 0x00000000d5580000)
  object space 75776K, 99% used [0x0000000080000000,0x00000000849e9820,0x0000000084a00000)
 Metaspace       used 58035K, committed 59328K, reserved 1114112K
  class space    used 6317K, committed 6912K, reserved 1048576K
}
Event: 49.422 GC heap before
{Heap before GC invocations=45 (full 2):
 PSYoungGen      total 16896K, used 16895K [0x00000000d5580000, 0x00000000d6900000, 0x0000000100000000)
  eden space 14848K, 100% used [0x00000000d5580000,0x00000000d6400000,0x00000000d6400000)
  from space 2048K, 99% used [0x00000000d6700000,0x00000000d68ffd98,0x00000000d6900000)
  to   space 2560K, 0% used [0x00000000d6400000,0x00000000d6400000,0x00000000d6680000)
 ParOldGen       total 75776K, used 75686K [0x0000000080000000, 0x0000000084a00000, 0x00000000d5580000)
  object space 75776K, 99% used [0x0000000080000000,0x00000000849e9820,0x0000000084a00000)
 Metaspace       used 58276K, committed 59520K, reserved 1114112K
  class space    used 6327K, committed 6912K, reserved 1048576K
}
Event: 49.424 GC heap after
{Heap after GC invocations=45 (full 2):
 PSYoungGen      total 16384K, used 1454K [0x00000000d5580000, 0x00000000d6800000, 0x0000000100000000)
  eden space 14848K, 0% used [0x00000000d5580000,0x00000000d5580000,0x00000000d6400000)
  from space 1536K, 94% used [0x00000000d6400000,0x00000000d656b910,0x00000000d6580000)
  to   space 2048K, 0% used [0x00000000d6600000,0x00000000d6600000,0x00000000d6800000)
 ParOldGen       total 77312K, used 76885K [0x0000000080000000, 0x0000000084b80000, 0x00000000d5580000)
  object space 77312K, 99% used [0x0000000080000000,0x0000000084b15450,0x0000000084b80000)
 Metaspace       used 58276K, committed 59520K, reserved 1114112K
  class space    used 6327K, committed 6912K, reserved 1048576K
}
Event: 49.442 GC heap before
{Heap before GC invocations=46 (full 2):
 PSYoungGen      total 16384K, used 6382K [0x00000000d5580000, 0x00000000d6800000, 0x0000000100000000)
  eden space 14848K, 33% used [0x00000000d5580000,0x00000000d5a4ff10,0x00000000d6400000)
  from space 1536K, 94% used [0x00000000d6400000,0x00000000d656b910,0x00000000d6580000)
  to   space 2048K, 0% used [0x00000000d6600000,0x00000000d6600000,0x00000000d6800000)
 ParOldGen       total 77312K, used 76885K [0x0000000080000000, 0x0000000084b80000, 0x00000000d5580000)
  object space 77312K, 99% used [0x0000000080000000,0x0000000084b15450,0x0000000084b80000)
 Metaspace       used 58505K, committed 59776K, reserved 1114112K
  class space    used 6353K, committed 6976K, reserved 1048576K
}
Event: 49.444 GC heap after
{Heap after GC invocations=46 (full 2):
 PSYoungGen      total 15872K, used 903K [0x00000000d5580000, 0x00000000d6700000, 0x0000000100000000)
  eden space 14848K, 0% used [0x00000000d5580000,0x00000000d5580000,0x00000000d6400000)
  from space 1024K, 88% used [0x00000000d6600000,0x00000000d66e1f20,0x00000000d6700000)
  to   space 1536K, 0% used [0x00000000d6400000,0x00000000d6400000,0x00000000d6580000)
 ParOldGen       total 78336K, used 78204K [0x0000000080000000, 0x0000000084c80000, 0x00000000d5580000)
  object space 78336K, 99% used [0x0000000080000000,0x0000000084c5f010,0x0000000084c80000)
 Metaspace       used 58505K, committed 59776K, reserved 1114112K
  class space    used 6353K, committed 6976K, reserved 1048576K
}
Event: 49.444 GC heap before
{Heap before GC invocations=47 (full 3):
 PSYoungGen      total 15872K, used 903K [0x00000000d5580000, 0x00000000d6700000, 0x0000000100000000)
  eden space 14848K, 0% used [0x00000000d5580000,0x00000000d5580000,0x00000000d6400000)
  from space 1024K, 88% used [0x00000000d6600000,0x00000000d66e1f20,0x00000000d6700000)
  to   space 1536K, 0% used [0x00000000d6400000,0x00000000d6400000,0x00000000d6580000)
 ParOldGen       total 78336K, used 78204K [0x0000000080000000, 0x0000000084c80000, 0x00000000d5580000)
  object space 78336K, 99% used [0x0000000080000000,0x0000000084c5f010,0x0000000084c80000)
 Metaspace       used 58505K, committed 59776K, reserved 1114112K
  class space    used 6353K, committed 6976K, reserved 1048576K
}
Event: 49.535 GC heap after
{Heap after GC invocations=47 (full 3):
 PSYoungGen      total 15872K, used 0K [0x00000000d5580000, 0x00000000d6700000, 0x0000000100000000)
  eden space 14848K, 0% used [0x00000000d5580000,0x00000000d5580000,0x00000000d6400000)
  from space 1024K, 0% used [0x00000000d6600000,0x00000000d6600000,0x00000000d6700000)
  to   space 1536K, 0% used [0x00000000d6400000,0x00000000d6400000,0x00000000d6580000)
 ParOldGen       total 78336K, used 65334K [0x0000000080000000, 0x0000000084c80000, 0x00000000d5580000)
  object space 78336K, 83% used [0x0000000080000000,0x0000000083fcdbc0,0x0000000084c80000)
 Metaspace       used 58505K, committed 59776K, reserved 1114112K
  class space    used 6353K, committed 6976K, reserved 1048576K
}
Event: 49.611 GC heap before
{Heap before GC invocations=48 (full 3):
 PSYoungGen      total 15872K, used 14848K [0x00000000d5580000, 0x00000000d6700000, 0x0000000100000000)
  eden space 14848K, 100% used [0x00000000d5580000,0x00000000d6400000,0x00000000d6400000)
  from space 1024K, 0% used [0x00000000d6600000,0x00000000d6600000,0x00000000d6700000)
  to   space 1536K, 0% used [0x00000000d6400000,0x00000000d6400000,0x00000000d6580000)
 ParOldGen       total 78336K, used 65334K [0x0000000080000000, 0x0000000084c80000, 0x00000000d5580000)
  object space 78336K, 83% used [0x0000000080000000,0x0000000083fcdbc0,0x0000000084c80000)
 Metaspace       used 59230K, committed 60480K, reserved 1114112K
  class space    used 6433K, committed 7040K, reserved 1048576K
}
Event: 49.613 GC heap after
{Heap after GC invocations=48 (full 3):
 PSYoungGen      total 16384K, used 1524K [0x00000000d5580000, 0x00000000d6a00000, 0x0000000100000000)
  eden space 14848K, 0% used [0x00000000d5580000,0x00000000d5580000,0x00000000d6400000)
  from space 1536K, 99% used [0x00000000d6400000,0x00000000d657d358,0x00000000d6580000)
  to   space 3072K, 0% used [0x00000000d6700000,0x00000000d6700000,0x00000000d6a00000)
 ParOldGen       total 78336K, used 66305K [0x0000000080000000, 0x0000000084c80000, 0x00000000d5580000)
  object space 78336K, 84% used [0x0000000080000000,0x00000000840c0448,0x0000000084c80000)
 Metaspace       used 59230K, committed 60480K, reserved 1114112K
  class space    used 6433K, committed 7040K, reserved 1048576K
}
Event: 49.718 GC heap before
{Heap before GC invocations=49 (full 3):
 PSYoungGen      total 16384K, used 16372K [0x00000000d5580000, 0x00000000d6a00000, 0x0000000100000000)
  eden space 14848K, 100% used [0x00000000d5580000,0x00000000d6400000,0x00000000d6400000)
  from space 1536K, 99% used [0x00000000d6400000,0x00000000d657d358,0x00000000d6580000)
  to   space 3072K, 0% used [0x00000000d6700000,0x00000000d6700000,0x00000000d6a00000)
 ParOldGen       total 78336K, used 66305K [0x0000000080000000, 0x0000000084c80000, 0x00000000d5580000)
  object space 78336K, 84% used [0x0000000080000000,0x00000000840c0448,0x0000000084c80000)
 Metaspace       used 59357K, committed 60608K, reserved 1114112K
  class space    used 6446K, committed 7040K, reserved 1048576K
}
Event: 49.723 GC heap after
{Heap after GC invocations=49 (full 3):
 PSYoungGen      total 15360K, used 3051K [0x00000000d5580000, 0x00000000d6f00000, 0x0000000100000000)
  eden space 12288K, 0% used [0x00000000d5580000,0x00000000d5580000,0x00000000d6180000)
  from space 3072K, 99% used [0x00000000d6700000,0x00000000d69fad40,0x00000000d6a00000)
  to   space 5632K, 0% used [0x00000000d6180000,0x00000000d6180000,0x00000000d6700000)
 ParOldGen       total 78336K, used 68149K [0x0000000080000000, 0x0000000084c80000, 0x00000000d5580000)
  object space 78336K, 86% used [0x0000000080000000,0x000000008428d5c8,0x0000000084c80000)
 Metaspace       used 59357K, committed 60608K, reserved 1114112K
  class space    used 6446K, committed 7040K, reserved 1048576K
}
Event: 49.777 GC heap before
{Heap before GC invocations=50 (full 3):
 PSYoungGen      total 15360K, used 15339K [0x00000000d5580000, 0x00000000d6f00000, 0x0000000100000000)
  eden space 12288K, 100% used [0x00000000d5580000,0x00000000d6180000,0x00000000d6180000)
  from space 3072K, 99% used [0x00000000d6700000,0x00000000d69fad40,0x00000000d6a00000)
  to   space 5632K, 0% used [0x00000000d6180000,0x00000000d6180000,0x00000000d6700000)
 ParOldGen       total 78336K, used 68149K [0x0000000080000000, 0x0000000084c80000, 0x00000000d5580000)
  object space 78336K, 86% used [0x0000000080000000,0x000000008428d5c8,0x0000000084c80000)
 Metaspace       used 59414K, committed 60736K, reserved 1114112K
  class space    used 6467K, committed 7104K, reserved 1048576K
}
Event: 49.781 GC heap after
{Heap after GC invocations=50 (full 3):
 PSYoungGen      total 14848K, used 2126K [0x00000000d5580000, 0x00000000d6880000, 0x0000000100000000)
  eden space 12288K, 0% used [0x00000000d5580000,0x00000000d5580000,0x00000000d6180000)
  from space 2560K, 83% used [0x00000000d6180000,0x00000000d6393b80,0x00000000d6400000)
  to   space 3584K, 0% used [0x00000000d6500000,0x00000000d6500000,0x00000000d6880000)
 ParOldGen       total 78336K, used 71114K [0x0000000080000000, 0x0000000084c80000, 0x00000000d5580000)
  object space 78336K, 90% used [0x0000000080000000,0x0000000084572ae0,0x0000000084c80000)
 Metaspace       used 59414K, committed 60736K, reserved 1114112K
  class space    used 6467K, committed 7104K, reserved 1048576K
}
Event: 49.846 GC heap before
{Heap before GC invocations=51 (full 3):
 PSYoungGen      total 14848K, used 14414K [0x00000000d5580000, 0x00000000d6880000, 0x0000000100000000)
  eden space 12288K, 100% used [0x00000000d5580000,0x00000000d6180000,0x00000000d6180000)
  from space 2560K, 83% used [0x00000000d6180000,0x00000000d6393b80,0x00000000d6400000)
  to   space 3584K, 0% used [0x00000000d6500000,0x00000000d6500000,0x00000000d6880000)
 ParOldGen       total 78336K, used 71114K [0x0000000080000000, 0x0000000084c80000, 0x00000000d5580000)
  object space 78336K, 90% used [0x0000000080000000,0x0000000084572ae0,0x0000000084c80000)
 Metaspace       used 59463K, committed 60800K, reserved 1114112K
  class space    used 6484K, committed 7104K, reserved 1048576K
}
Event: 49.850 GC heap after
{Heap after GC invocations=51 (full 3):
 PSYoungGen      total 14848K, used 2385K [0x00000000d5580000, 0x00000000d6780000, 0x0000000100000000)
  eden space 12288K, 0% used [0x00000000d5580000,0x00000000d5580000,0x00000000d6180000)
  from space 2560K, 93% used [0x00000000d6500000,0x00000000d6754710,0x00000000d6780000)
  to   space 2560K, 0% used [0x00000000d6180000,0x00000000d6180000,0x00000000d6400000)
 ParOldGen       total 78336K, used 73090K [0x0000000080000000, 0x0000000084c80000, 0x00000000d5580000)
  object space 78336K, 93% used [0x0000000080000000,0x00000000847608d8,0x0000000084c80000)
 Metaspace       used 59463K, committed 60800K, reserved 1114112K
  class space    used 6484K, committed 7104K, reserved 1048576K
}
Event: 49.918 GC heap before
{Heap before GC invocations=52 (full 3):
 PSYoungGen      total 14848K, used 14673K [0x00000000d5580000, 0x00000000d6780000, 0x0000000100000000)
  eden space 12288K, 100% used [0x00000000d5580000,0x00000000d6180000,0x00000000d6180000)
  from space 2560K, 93% used [0x00000000d6500000,0x00000000d6754710,0x00000000d6780000)
  to   space 2560K, 0% used [0x00000000d6180000,0x00000000d6180000,0x00000000d6400000)
 ParOldGen       total 78336K, used 73090K [0x0000000080000000, 0x0000000084c80000, 0x00000000d5580000)
  object space 78336K, 93% used [0x0000000080000000,0x00000000847608d8,0x0000000084c80000)
 Metaspace       used 59545K, committed 60864K, reserved 1114112K
  class space    used 6496K, committed 7104K, reserved 1048576K
}
Event: 49.921 GC heap after
{Heap after GC invocations=52 (full 3):
 PSYoungGen      total 14848K, used 2550K [0x00000000d5580000, 0x00000000d6780000, 0x0000000100000000)
  eden space 12288K, 0% used [0x00000000d5580000,0x00000000d5580000,0x00000000d6180000)
  from space 2560K, 99% used [0x00000000d6180000,0x00000000d63fd880,0x00000000d6400000)
  to   space 3072K, 0% used [0x00000000d6480000,0x00000000d6480000,0x00000000d6780000)
 ParOldGen       total 78336K, used 75341K [0x0000000080000000, 0x0000000084c80000, 0x00000000d5580000)
  object space 78336K, 96% used [0x0000000080000000,0x0000000084993620,0x0000000084c80000)
 Metaspace       used 59545K, committed 60864K, reserved 1114112K
  class space    used 6496K, committed 7104K, reserved 1048576K
}
Event: 49.987 GC heap before
{Heap before GC invocations=53 (full 3):
 PSYoungGen      total 14848K, used 14838K [0x00000000d5580000, 0x00000000d6780000, 0x0000000100000000)
  eden space 12288K, 100% used [0x00000000d5580000,0x00000000d6180000,0x00000000d6180000)
  from space 2560K, 99% used [0x00000000d6180000,0x00000000d63fd880,0x00000000d6400000)
  to   space 3072K, 0% used [0x00000000d6480000,0x00000000d6480000,0x00000000d6780000)
 ParOldGen       total 78336K, used 75341K [0x0000000080000000, 0x0000000084c80000, 0x00000000d5580000)
  object space 78336K, 96% used [0x0000000080000000,0x0000000084993620,0x0000000084c80000)
 Metaspace       used 59691K, committed 60992K, reserved 1114112K
  class space    used 6507K, committed 7104K, reserved 1048576K
}
Event: 49.992 GC heap after
{Heap after GC invocations=53 (full 3):
 PSYoungGen      total 15360K, used 2556K [0x00000000d5580000, 0x00000000d6780000, 0x0000000100000000)
  eden space 12288K, 0% used [0x00000000d5580000,0x00000000d5580000,0x00000000d6180000)
  from space 3072K, 83% used [0x00000000d6480000,0x00000000d66ff2d0,0x00000000d6780000)
  to   space 3072K, 0% used [0x00000000d6180000,0x00000000d6180000,0x00000000d6480000)
 ParOldGen       total 78336K, used 77704K [0x0000000080000000, 0x0000000084c80000, 0x00000000d5580000)
  object space 78336K, 99% used [0x0000000080000000,0x0000000084be2080,0x0000000084c80000)
 Metaspace       used 59691K, committed 60992K, reserved 1114112K
  class space    used 6507K, committed 7104K, reserved 1048576K
}

