# JRE version: OpenJDK Runtime Environment Temurin-21.0.8+9 (21.0.8+9) (build 21.0.8+9-LTS)
# Java VM: OpenJDK 64-Bit Server VM Temurin-21.0.8+9 (21.0.8+9-LTS, mixed mode, sharing, tiered, compressed oops, compressed class ptrs, parallel gc, windows-amd64)
GC Precious Log:
 CardTable entry size: 512
 CPUs: 8 total, 8 available
 Memory: 7975M
 Large Page Support: Disabled
 NUMA Support: Disabled
 Compressed Oops: Enabled (32-bit)
 Alignments: Space 512K, Generation 512K, Heap 2M
 Heap Min Capacity: 100M
 Heap Initial Capacity: 100M
 Heap Max Capacity: 2G
 Pre-touch: Disabled
 Parallel Workers: 8
Heap:
 PSYoungGen      total 5632K, used 3843K [0x00000000d5580000, 0x00000000d5c00000, 0x0000000100000000)
  eden space 4608K, 64% used [0x00000000d5580000,0x00000000d5868d18,0x00000000d5a00000)
  from space 1024K, 84% used [0x00000000d5b00000,0x00000000d5bd8000,0x00000000d5c00000)
  to   space 1024K, 0% used [0x00000000d5a00000,0x00000000d5a00000,0x00000000d5b00000)
 ParOldGen       total 584704K, used 380805K [0x0000000080000000, 0x00000000a3b00000, 0x00000000d5580000)
  object space 584704K, 65% used [0x0000000080000000,0x00000000973e17b0,0x00000000a3b00000)
 Metaspace       used 83874K, committed 85440K, reserved 1179648K
  class space    used 8518K, committed 9216K, reserved 1048576K
GC Heap History (20 events):
Event: 3016.461 GC heap before
{Heap before GC invocations=1598 (full 5):
 PSYoungGen      total 3584K, used 3456K [0x00000000d5580000, 0x00000000d5a00000, 0x0000000100000000)
  eden space 3072K, 100% used [0x00000000d5580000,0x00000000d5880000,0x00000000d5880000)
  from space 512K, 75% used [0x00000000d5980000,0x00000000d59e0000,0x00000000d5a00000)
  to   space 512K, 0% used [0x00000000d5900000,0x00000000d5900000,0x00000000d5980000)
 ParOldGen       total 584704K, used 367053K [0x0000000080000000, 0x00000000a3b00000, 0x00000000d5580000)
  object space 584704K, 62% used [0x0000000080000000,0x0000000096673510,0x00000000a3b00000)
 Metaspace       used 83357K, committed 84928K, reserved 1179648K
  class space    used 8449K, committed 9152K, reserved 1048576K
}
Event: 3016.480 GC heap after
{Heap after GC invocations=1598 (full 5):
 PSYoungGen      total 3584K, used 486K [0x00000000d5580000, 0x00000000d5f80000, 0x0000000100000000)
  eden space 3072K, 0% used [0x00000000d5580000,0x00000000d5580000,0x00000000d5880000)
  from space 512K, 95% used [0x00000000d5900000,0x00000000d5979a70,0x00000000d5980000)
  to   space 3584K, 0% used [0x00000000d5c00000,0x00000000d5c00000,0x00000000d5f80000)
 ParOldGen       total 584704K, used 369627K [0x0000000080000000, 0x00000000a3b00000, 0x00000000d5580000)
  object space 584704K, 63% used [0x0000000080000000,0x00000000968f6fa0,0x00000000a3b00000)
 Metaspace       used 83357K, committed 84928K, reserved 1179648K
  class space    used 8449K, committed 9152K, reserved 1048576K
}
Event: 3016.494 GC heap before
{Heap before GC invocations=1599 (full 5):
 PSYoungGen      total 3584K, used 3558K [0x00000000d5580000, 0x00000000d5f80000, 0x0000000100000000)
  eden space 3072K, 99% used [0x00000000d5580000,0x00000000d587fff8,0x00000000d5880000)
  from space 512K, 95% used [0x00000000d5900000,0x00000000d5979a70,0x00000000d5980000)
  to   space 3584K, 0% used [0x00000000d5c00000,0x00000000d5c00000,0x00000000d5f80000)
 ParOldGen       total 584704K, used 369627K [0x0000000080000000, 0x00000000a3b00000, 0x00000000d5580000)
  object space 584704K, 63% used [0x0000000080000000,0x00000000968f6fa0,0x00000000a3b00000)
 Metaspace       used 83357K, committed 84928K, reserved 1179648K
  class space    used 8449K, committed 9152K, reserved 1048576K
}
Event: 3016.504 GC heap after
{Heap after GC invocations=1599 (full 5):
 PSYoungGen      total 6144K, used 2800K [0x00000000d5580000, 0x00000000d5f00000, 0x0000000100000000)
  eden space 3072K, 0% used [0x00000000d5580000,0x00000000d5580000,0x00000000d5880000)
  from space 3072K, 91% used [0x00000000d5c00000,0x00000000d5ebc000,0x00000000d5f00000)
  to   space 3072K, 0% used [0x00000000d5900000,0x00000000d5900000,0x00000000d5c00000)
 ParOldGen       total 584704K, used 370393K [0x0000000080000000, 0x00000000a3b00000, 0x00000000d5580000)
  object space 584704K, 63% used [0x0000000080000000,0x00000000969b6480,0x00000000a3b00000)
 Metaspace       used 83357K, committed 84928K, reserved 1179648K
  class space    used 8449K, committed 9152K, reserved 1048576K
}
Event: 3016.538 GC heap before
{Heap before GC invocations=1600 (full 5):
 PSYoungGen      total 6144K, used 5872K [0x00000000d5580000, 0x00000000d5f00000, 0x0000000100000000)
  eden space 3072K, 100% used [0x00000000d5580000,0x00000000d5880000,0x00000000d5880000)
  from space 3072K, 91% used [0x00000000d5c00000,0x00000000d5ebc000,0x00000000d5f00000)
  to   space 3072K, 0% used [0x00000000d5900000,0x00000000d5900000,0x00000000d5c00000)
 ParOldGen       total 584704K, used 370393K [0x0000000080000000, 0x00000000a3b00000, 0x00000000d5580000)
  object space 584704K, 63% used [0x0000000080000000,0x00000000969b6480,0x00000000a3b00000)
 Metaspace       used 83357K, committed 84928K, reserved 1179648K
  class space    used 8449K, committed 9152K, reserved 1048576K
}
Event: 3016.561 GC heap after
{Heap after GC invocations=1600 (full 5):
 PSYoungGen      total 6656K, used 3032K [0x00000000d5580000, 0x00000000d6080000, 0x0000000100000000)
  eden space 3584K, 0% used [0x00000000d5580000,0x00000000d5580000,0x00000000d5900000)
  from space 3072K, 98% used [0x00000000d5900000,0x00000000d5bf63e0,0x00000000d5c00000)
  to   space 3584K, 0% used [0x00000000d5d00000,0x00000000d5d00000,0x00000000d6080000)
 ParOldGen       total 584704K, used 372753K [0x0000000080000000, 0x00000000a3b00000, 0x00000000d5580000)
  object space 584704K, 63% used [0x0000000080000000,0x0000000096c04480,0x00000000a3b00000)
 Metaspace       used 83357K, committed 84928K, reserved 1179648K
  class space    used 8449K, committed 9152K, reserved 1048576K
}
Event: 3016.648 GC heap before
{Heap before GC invocations=1601 (full 5):
 PSYoungGen      total 6656K, used 6616K [0x00000000d5580000, 0x00000000d6080000, 0x0000000100000000)
  eden space 3584K, 100% used [0x00000000d5580000,0x00000000d5900000,0x00000000d5900000)
  from space 3072K, 98% used [0x00000000d5900000,0x00000000d5bf63e0,0x00000000d5c00000)
  to   space 3584K, 0% used [0x00000000d5d00000,0x00000000d5d00000,0x00000000d6080000)
 ParOldGen       total 584704K, used 372753K [0x0000000080000000, 0x00000000a3b00000, 0x00000000d5580000)
  object space 584704K, 63% used [0x0000000080000000,0x0000000096c04480,0x00000000a3b00000)
 Metaspace       used 83357K, committed 84928K, reserved 1179648K
  class space    used 8449K, committed 9152K, reserved 1048576K
}
Event: 3016.664 GC heap after
{Heap after GC invocations=1601 (full 5):
 PSYoungGen      total 7680K, used 2515K [0x00000000d5580000, 0x00000000d6000000, 0x0000000100000000)
  eden space 4608K, 0% used [0x00000000d5580000,0x00000000d5580000,0x00000000d5a00000)
  from space 3072K, 81% used [0x00000000d5d00000,0x00000000d5f74ea0,0x00000000d6000000)
  to   space 3072K, 0% used [0x00000000d5a00000,0x00000000d5a00000,0x00000000d5d00000)
 ParOldGen       total 584704K, used 375698K [0x0000000080000000, 0x00000000a3b00000, 0x00000000d5580000)
  object space 584704K, 64% used [0x0000000080000000,0x0000000096ee4870,0x00000000a3b00000)
 Metaspace       used 83357K, committed 84928K, reserved 1179648K
  class space    used 8449K, committed 9152K, reserved 1048576K
}
Event: 3016.897 GC heap before
{Heap before GC invocations=1602 (full 5):
 PSYoungGen      total 7680K, used 7123K [0x00000000d5580000, 0x00000000d6000000, 0x0000000100000000)
  eden space 4608K, 99% used [0x00000000d5580000,0x00000000d59fffc8,0x00000000d5a00000)
  from space 3072K, 81% used [0x00000000d5d00000,0x00000000d5f74ea0,0x00000000d6000000)
  to   space 3072K, 0% used [0x00000000d5a00000,0x00000000d5a00000,0x00000000d5d00000)
 ParOldGen       total 584704K, used 375698K [0x0000000080000000, 0x00000000a3b00000, 0x00000000d5580000)
  object space 584704K, 64% used [0x0000000080000000,0x0000000096ee4870,0x00000000a3b00000)
 Metaspace       used 83360K, committed 84928K, reserved 1179648K
  class space    used 8449K, committed 9152K, reserved 1048576K
}
Event: 3016.917 GC heap after
{Heap after GC invocations=1602 (full 5):
 PSYoungGen      total 6656K, used 1568K [0x00000000d5580000, 0x00000000d5e00000, 0x0000000100000000)
  eden space 4608K, 0% used [0x00000000d5580000,0x00000000d5580000,0x00000000d5a00000)
  from space 2048K, 76% used [0x00000000d5a00000,0x00000000d5b88030,0x00000000d5c00000)
  to   space 2048K, 0% used [0x00000000d5c00000,0x00000000d5c00000,0x00000000d5e00000)
 ParOldGen       total 584704K, used 378100K [0x0000000080000000, 0x00000000a3b00000, 0x00000000d5580000)
  object space 584704K, 64% used [0x0000000080000000,0x000000009713d100,0x00000000a3b00000)
 Metaspace       used 83360K, committed 84928K, reserved 1179648K
  class space    used 8449K, committed 9152K, reserved 1048576K
}
Event: 3017.051 GC heap before
{Heap before GC invocations=1603 (full 5):
 PSYoungGen      total 6656K, used 6176K [0x00000000d5580000, 0x00000000d5e00000, 0x0000000100000000)
  eden space 4608K, 100% used [0x00000000d5580000,0x00000000d5a00000,0x00000000d5a00000)
  from space 2048K, 76% used [0x00000000d5a00000,0x00000000d5b88030,0x00000000d5c00000)
  to   space 2048K, 0% used [0x00000000d5c00000,0x00000000d5c00000,0x00000000d5e00000)
 ParOldGen       total 584704K, used 378100K [0x0000000080000000, 0x00000000a3b00000, 0x00000000d5580000)
  object space 584704K, 64% used [0x0000000080000000,0x000000009713d100,0x00000000a3b00000)
 Metaspace       used 83360K, committed 84928K, reserved 1179648K
  class space    used 8449K, committed 9152K, reserved 1048576K
}
Event: 3017.063 GC heap after
{Heap after GC invocations=1603 (full 5):
 PSYoungGen      total 6656K, used 1472K [0x00000000d5580000, 0x00000000d5e00000, 0x0000000100000000)
  eden space 4608K, 0% used [0x00000000d5580000,0x00000000d5580000,0x00000000d5a00000)
  from space 2048K, 71% used [0x00000000d5c00000,0x00000000d5d70000,0x00000000d5e00000)
  to   space 2048K, 0% used [0x00000000d5a00000,0x00000000d5a00000,0x00000000d5c00000)
 ParOldGen       total 584704K, used 379497K [0x0000000080000000, 0x00000000a3b00000, 0x00000000d5580000)
  object space 584704K, 64% used [0x0000000080000000,0x000000009729a600,0x00000000a3b00000)
 Metaspace       used 83360K, committed 84928K, reserved 1179648K
  class space    used 8449K, committed 9152K, reserved 1048576K
}
Event: 3017.263 GC heap before
{Heap before GC invocations=1604 (full 5):
 PSYoungGen      total 6656K, used 6079K [0x00000000d5580000, 0x00000000d5e00000, 0x0000000100000000)
  eden space 4608K, 99% used [0x00000000d5580000,0x00000000d59ffd10,0x00000000d5a00000)
  from space 2048K, 71% used [0x00000000d5c00000,0x00000000d5d70000,0x00000000d5e00000)
  to   space 2048K, 0% used [0x00000000d5a00000,0x00000000d5a00000,0x00000000d5c00000)
 ParOldGen       total 584704K, used 379497K [0x0000000080000000, 0x00000000a3b00000, 0x00000000d5580000)
  object space 584704K, 64% used [0x0000000080000000,0x000000009729a600,0x00000000a3b00000)
 Metaspace       used 83360K, committed 84928K, reserved 1179648K
  class space    used 8449K, committed 9152K, reserved 1048576K
}
Event: 3017.267 GC heap after
{Heap after GC invocations=1604 (full 5):
 PSYoungGen      total 6144K, used 1136K [0x00000000d5580000, 0x00000000d5d00000, 0x0000000100000000)
  eden space 4608K, 0% used [0x00000000d5580000,0x00000000d5580000,0x00000000d5a00000)
  from space 1536K, 73% used [0x00000000d5a00000,0x00000000d5b1c010,0x00000000d5b80000)
  to   space 1536K, 0% used [0x00000000d5b80000,0x00000000d5b80000,0x00000000d5d00000)
 ParOldGen       total 584704K, used 380113K [0x0000000080000000, 0x00000000a3b00000, 0x00000000d5580000)
  object space 584704K, 65% used [0x0000000080000000,0x0000000097334600,0x00000000a3b00000)
 Metaspace       used 83360K, committed 84928K, reserved 1179648K
  class space    used 8449K, committed 9152K, reserved 1048576K
}
Event: 3018.011 GC heap before
{Heap before GC invocations=1605 (full 5):
 PSYoungGen      total 6144K, used 5744K [0x00000000d5580000, 0x00000000d5d00000, 0x0000000100000000)
  eden space 4608K, 100% used [0x00000000d5580000,0x00000000d5a00000,0x00000000d5a00000)
  from space 1536K, 73% used [0x00000000d5a00000,0x00000000d5b1c010,0x00000000d5b80000)
  to   space 1536K, 0% used [0x00000000d5b80000,0x00000000d5b80000,0x00000000d5d00000)
 ParOldGen       total 584704K, used 380113K [0x0000000080000000, 0x00000000a3b00000, 0x00000000d5580000)
  object space 584704K, 65% used [0x0000000080000000,0x0000000097334600,0x00000000a3b00000)
 Metaspace       used 83365K, committed 84928K, reserved 1179648K
  class space    used 8450K, committed 9152K, reserved 1048576K
}
Event: 3018.015 GC heap after
{Heap after GC invocations=1605 (full 5):
 PSYoungGen      total 5632K, used 864K [0x00000000d5580000, 0x00000000d5c80000, 0x0000000100000000)
  eden space 4608K, 0% used [0x00000000d5580000,0x00000000d5580000,0x00000000d5a00000)
  from space 1024K, 84% used [0x00000000d5b80000,0x00000000d5c58000,0x00000000d5c80000)
  to   space 1024K, 0% used [0x00000000d5a80000,0x00000000d5a80000,0x00000000d5b80000)
 ParOldGen       total 584704K, used 380421K [0x0000000080000000, 0x00000000a3b00000, 0x00000000d5580000)
  object space 584704K, 65% used [0x0000000080000000,0x0000000097381790,0x00000000a3b00000)
 Metaspace       used 83365K, committed 84928K, reserved 1179648K
  class space    used 8450K, committed 9152K, reserved 1048576K
}
Event: 3091.509 GC heap before
{Heap before GC invocations=1606 (full 5):
 PSYoungGen      total 5632K, used 5467K [0x00000000d5580000, 0x00000000d5c80000, 0x0000000100000000)
  eden space 4608K, 99% used [0x00000000d5580000,0x00000000d59fedd8,0x00000000d5a00000)
  from space 1024K, 84% used [0x00000000d5b80000,0x00000000d5c58000,0x00000000d5c80000)
  to   space 1024K, 0% used [0x00000000d5a80000,0x00000000d5a80000,0x00000000d5b80000)
 ParOldGen       total 584704K, used 380421K [0x0000000080000000, 0x00000000a3b00000, 0x00000000d5580000)
  object space 584704K, 65% used [0x0000000080000000,0x0000000097381790,0x00000000a3b00000)
 Metaspace       used 83481K, committed 85120K, reserved 1179648K
  class space    used 8466K, committed 9216K, reserved 1048576K
}
Event: 3091.643 GC heap after
{Heap after GC invocations=1606 (full 5):
 PSYoungGen      total 5120K, used 320K [0x00000000d5580000, 0x00000000d5c00000, 0x0000000100000000)
  eden space 4608K, 0% used [0x00000000d5580000,0x00000000d5580000,0x00000000d5a00000)
  from space 512K, 62% used [0x00000000d5a80000,0x00000000d5ad0020,0x00000000d5b00000)
  to   space 1024K, 0% used [0x00000000d5b00000,0x00000000d5b00000,0x00000000d5c00000)
 ParOldGen       total 584704K, used 380653K [0x0000000080000000, 0x00000000a3b00000, 0x00000000d5580000)
  object space 584704K, 65% used [0x0000000080000000,0x00000000973bb790,0x00000000a3b00000)
 Metaspace       used 83481K, committed 85120K, reserved 1179648K
  class space    used 8466K, committed 9216K, reserved 1048576K
}
Event: 3092.620 GC heap before
{Heap before GC invocations=1607 (full 5):
 PSYoungGen      total 5120K, used 4928K [0x00000000d5580000, 0x00000000d5c00000, 0x0000000100000000)
  eden space 4608K, 99% used [0x00000000d5580000,0x00000000d59ffff0,0x00000000d5a00000)
  from space 512K, 62% used [0x00000000d5a80000,0x00000000d5ad0020,0x00000000d5b00000)
  to   space 1024K, 0% used [0x00000000d5b00000,0x00000000d5b00000,0x00000000d5c00000)
 ParOldGen       total 584704K, used 380653K [0x0000000080000000, 0x00000000a3b00000, 0x00000000d5580000)
  object space 584704K, 65% used [0x0000000080000000,0x00000000973bb790,0x00000000a3b00000)
 Metaspace       used 83861K, committed 85440K, reserved 1179648K
  class space    used 8517K, committed 9216K, reserved 1048576K
}
Event: 3092.626 GC heap after
{Heap after GC invocations=1607 (full 5):
 PSYoungGen      total 5632K, used 864K [0x00000000d5580000, 0x00000000d5c00000, 0x0000000100000000)
  eden space 4608K, 0% used [0x00000000d5580000,0x00000000d5580000,0x00000000d5a00000)
  from space 1024K, 84% used [0x00000000d5b00000,0x00000000d5bd8000,0x00000000d5c00000)
  to   space 1024K, 0% used [0x00000000d5a00000,0x00000000d5a00000,0x00000000d5b00000)
 ParOldGen       total 584704K, used 380805K [0x0000000080000000, 0x00000000a3b00000, 0x00000000d5580000)
  object space 584704K, 65% used [0x0000000080000000,0x00000000973e17b0,0x00000000a3b00000)
 Metaspace       used 83861K, committed 85440K, reserved 1179648K
  class space    used 8517K, committed 9216K, reserved 1048576K
}

